Analysis & Synthesis report for AirFryerController
Tue May 28 23:27:18 2024
Quartus Prime Version 22.1std.2 Build 922 07/20/2023 SC Lite Edition


---------------------
; Table of Contents ;
---------------------
  1. Legal Notice
  2. Analysis & Synthesis Summary
  3. Analysis & Synthesis Settings
  4. Parallel Compilation
  5. Analysis & Synthesis Source Files Read
  6. Analysis & Synthesis Resource Usage Summary
  7. Analysis & Synthesis Resource Utilization by Entity
  8. State Machine - |AirFryerController|AirFryerFSM:air_fryer_fsm|s_previousState
  9. State Machine - |AirFryerController|AirFryerFSM:air_fryer_fsm|s_currentState
 10. Registers Removed During Synthesis
 11. General Register Statistics
 12. Inverted Register Statistics
 13. Multiplexer Restructuring Statistics (Restructuring Performed)
 14. Parameter Settings for User Entity Instance: DebounceUnit:debouncer_sw7
 15. Parameter Settings for User Entity Instance: DebounceUnit:debouncer_key0
 16. Parameter Settings for User Entity Instance: DebounceUnit:debouncer_key1
 17. Parameter Settings for User Entity Instance: DebounceUnit:debouncer_key2
 18. Parameter Settings for User Entity Instance: DebounceUnit:debouncer_key3
 19. Parameter Settings for User Entity Instance: PulseGenerator:pulse_gen_1sec
 20. Parameter Settings for User Entity Instance: FreqDividerK:freq_divider_blink
 21. Parameter Settings for User Entity Instance: TimerNDes:timer_des_cooled
 22. Parameter Settings for Inferred Entity Instance: Bin2BCD8_12:bin_bcd_8_12|lpm_divide:Mod1
 23. Parameter Settings for Inferred Entity Instance: Bin2BCD8_12:bin_bcd_8_12|lpm_divide:Div1
 24. Parameter Settings for Inferred Entity Instance: Bin2BCD8_12:bin_bcd_8_12|lpm_divide:Mod0
 25. Parameter Settings for Inferred Entity Instance: Bin2BCD8_12:bin_bcd_8_12|lpm_divide:Div0
 26. Parameter Settings for Inferred Entity Instance: Bin2BCD8_8:bin_bcd_8_8|lpm_divide:Mod0
 27. Parameter Settings for Inferred Entity Instance: Bin2BCD8_8:bin_bcd_8_8|lpm_divide:Div0
 28. Port Connectivity Checks: "TimerNDes:timer_des_cooled"
 29. Port Connectivity Checks: "Bin7SegDecoderEn:bin_7seg_dec6"
 30. Post-Synthesis Netlist Statistics for Top Partition
 31. Elapsed Time Per Partition
 32. Analysis & Synthesis Messages



----------------
; Legal Notice ;
----------------
Copyright (C) 2023  Intel Corporation. All rights reserved.
Your use of Intel Corporation's design tools, logic functions 
and other software and tools, and any partner logic 
functions, and any output files from any of the foregoing 
(including device programming or simulation files), and any 
associated documentation or information are expressly subject 
to the terms and conditions of the Intel Program License 
Subscription Agreement, the Intel Quartus Prime License Agreement,
the Intel FPGA IP License Agreement, or other applicable license
agreement, including, without limitation, that your use is for
the sole purpose of programming logic devices manufactured by
Intel and sold by Intel or its authorized distributors.  Please
refer to the applicable agreement for further details, at
https://fpgasoftware.intel.com/eula.



+-------------------------------------------------------------------------------------+
; Analysis & Synthesis Summary                                                        ;
+------------------------------------+------------------------------------------------+
; Analysis & Synthesis Status        ; Successful - Tue May 28 23:27:18 2024          ;
; Quartus Prime Version              ; 22.1std.2 Build 922 07/20/2023 SC Lite Edition ;
; Revision Name                      ; AirFryerController                             ;
; Top-level Entity Name              ; AirFryerController                             ;
; Family                             ; Cyclone IV E                                   ;
; Total logic elements               ; 1,039                                          ;
;     Total combinational functions  ; 1,018                                          ;
;     Dedicated logic registers      ; 282                                            ;
; Total registers                    ; 282                                            ;
; Total pins                         ; 64                                             ;
; Total virtual pins                 ; 0                                              ;
; Total memory bits                  ; 0                                              ;
; Embedded Multiplier 9-bit elements ; 0                                              ;
; Total PLLs                         ; 0                                              ;
+------------------------------------+------------------------------------------------+


+------------------------------------------------------------------------------------------------------------+
; Analysis & Synthesis Settings                                                                              ;
+------------------------------------------------------------------+--------------------+--------------------+
; Option                                                           ; Setting            ; Default Value      ;
+------------------------------------------------------------------+--------------------+--------------------+
; Device                                                           ; EP4CE115F29C7      ;                    ;
; Top-level entity name                                            ; AirFryerController ; AirFryerController ;
; Family name                                                      ; Cyclone IV E       ; Cyclone V          ;
; Use smart compilation                                            ; Off                ; Off                ;
; Enable parallel Assembler and Timing Analyzer during compilation ; On                 ; On                 ;
; Enable compact report table                                      ; Off                ; Off                ;
; Restructure Multiplexers                                         ; Auto               ; Auto               ;
; Create Debugging Nodes for IP Cores                              ; Off                ; Off                ;
; Preserve fewer node names                                        ; On                 ; On                 ;
; Intel FPGA IP Evaluation Mode                                    ; Enable             ; Enable             ;
; Verilog Version                                                  ; Verilog_2001       ; Verilog_2001       ;
; VHDL Version                                                     ; VHDL_1993          ; VHDL_1993          ;
; State Machine Processing                                         ; Auto               ; Auto               ;
; Safe State Machine                                               ; Off                ; Off                ;
; Extract Verilog State Machines                                   ; On                 ; On                 ;
; Extract VHDL State Machines                                      ; On                 ; On                 ;
; Ignore Verilog initial constructs                                ; Off                ; Off                ;
; Iteration limit for constant Verilog loops                       ; 5000               ; 5000               ;
; Iteration limit for non-constant Verilog loops                   ; 250                ; 250                ;
; Add Pass-Through Logic to Inferred RAMs                          ; On                 ; On                 ;
; Infer RAMs from Raw Logic                                        ; On                 ; On                 ;
; Parallel Synthesis                                               ; On                 ; On                 ;
; DSP Block Balancing                                              ; Auto               ; Auto               ;
; NOT Gate Push-Back                                               ; On                 ; On                 ;
; Power-Up Don't Care                                              ; On                 ; On                 ;
; Remove Redundant Logic Cells                                     ; Off                ; Off                ;
; Remove Duplicate Registers                                       ; On                 ; On                 ;
; Ignore CARRY Buffers                                             ; Off                ; Off                ;
; Ignore CASCADE Buffers                                           ; Off                ; Off                ;
; Ignore GLOBAL Buffers                                            ; Off                ; Off                ;
; Ignore ROW GLOBAL Buffers                                        ; Off                ; Off                ;
; Ignore LCELL Buffers                                             ; Off                ; Off                ;
; Ignore SOFT Buffers                                              ; On                 ; On                 ;
; Limit AHDL Integers to 32 Bits                                   ; Off                ; Off                ;
; Optimization Technique                                           ; Balanced           ; Balanced           ;
; Carry Chain Length                                               ; 70                 ; 70                 ;
; Auto Carry Chains                                                ; On                 ; On                 ;
; Auto Open-Drain Pins                                             ; On                 ; On                 ;
; Perform WYSIWYG Primitive Resynthesis                            ; Off                ; Off                ;
; Auto ROM Replacement                                             ; On                 ; On                 ;
; Auto RAM Replacement                                             ; On                 ; On                 ;
; Auto DSP Block Replacement                                       ; On                 ; On                 ;
; Auto Shift Register Replacement                                  ; Auto               ; Auto               ;
; Allow Shift Register Merging across Hierarchies                  ; Auto               ; Auto               ;
; Auto Clock Enable Replacement                                    ; On                 ; On                 ;
; Strict RAM Replacement                                           ; Off                ; Off                ;
; Allow Synchronous Control Signals                                ; On                 ; On                 ;
; Force Use of Synchronous Clear Signals                           ; Off                ; Off                ;
; Auto RAM Block Balancing                                         ; On                 ; On                 ;
; Auto RAM to Logic Cell Conversion                                ; Off                ; Off                ;
; Auto Resource Sharing                                            ; Off                ; Off                ;
; Allow Any RAM Size For Recognition                               ; Off                ; Off                ;
; Allow Any ROM Size For Recognition                               ; Off                ; Off                ;
; Allow Any Shift Register Size For Recognition                    ; Off                ; Off                ;
; Use LogicLock Constraints during Resource Balancing              ; On                 ; On                 ;
; Ignore translate_off and synthesis_off directives                ; Off                ; Off                ;
; Timing-Driven Synthesis                                          ; On                 ; On                 ;
; Report Parameter Settings                                        ; On                 ; On                 ;
; Report Source Assignments                                        ; On                 ; On                 ;
; Report Connectivity Checks                                       ; On                 ; On                 ;
; Ignore Maximum Fan-Out Assignments                               ; Off                ; Off                ;
; Synchronization Register Chain Length                            ; 2                  ; 2                  ;
; Power Optimization During Synthesis                              ; Normal compilation ; Normal compilation ;
; HDL message level                                                ; Level2             ; Level2             ;
; Suppress Register Optimization Related Messages                  ; Off                ; Off                ;
; Number of Removed Registers Reported in Synthesis Report         ; 5000               ; 5000               ;
; Number of Swept Nodes Reported in Synthesis Report               ; 5000               ; 5000               ;
; Number of Inverted Registers Reported in Synthesis Report        ; 100                ; 100                ;
; Clock MUX Protection                                             ; On                 ; On                 ;
; Auto Gated Clock Conversion                                      ; Off                ; Off                ;
; Block Design Naming                                              ; Auto               ; Auto               ;
; SDC constraint protection                                        ; Off                ; Off                ;
; Synthesis Effort                                                 ; Auto               ; Auto               ;
; Shift Register Replacement - Allow Asynchronous Clear Signal     ; On                 ; On                 ;
; Pre-Mapping Resynthesis Optimization                             ; Off                ; Off                ;
; Analysis & Synthesis Message Level                               ; Medium             ; Medium             ;
; Disable Register Merging Across Hierarchies                      ; Auto               ; Auto               ;
; Resource Aware Inference For Block RAM                           ; On                 ; On                 ;
+------------------------------------------------------------------+--------------------+--------------------+


+------------------------------------------+
; Parallel Compilation                     ;
+----------------------------+-------------+
; Processors                 ; Number      ;
+----------------------------+-------------+
; Number detected on machine ; 12          ;
; Maximum allowed            ; 12          ;
;                            ;             ;
; Average used               ; 1.00        ;
; Maximum used               ; 12          ;
;                            ;             ;
; Usage by Processor         ; % Time Used ;
;     Processor 1            ; 100.0%      ;
;     Processor 2            ;   0.0%      ;
;     Processor 3            ;   0.0%      ;
;     Processor 4            ;   0.0%      ;
;     Processor 5            ;   0.0%      ;
;     Processor 6            ;   0.0%      ;
;     Processor 7            ;   0.0%      ;
;     Processor 8            ;   0.0%      ;
;     Processors 9-12        ;   0.0%      ;
+----------------------------+-------------+


+----------------------------------------------------------------------------------------------------------------------------------------------------------------------------------+
; Analysis & Synthesis Source Files Read                                                                                                                                           ;
+----------------------------------+-----------------+------------------------------+------------------------------------------------------------------------------------+---------+
; File Name with User-Entered Path ; Used in Netlist ; File Type                    ; File Name with Absolute Path                                                       ; Library ;
+----------------------------------+-----------------+------------------------------+------------------------------------------------------------------------------------+---------+
; AirFryerController.vhd           ; yes             ; User VHDL File               ; C:/Users/mario/Desktop/quartus/LSD/projeto_final/vfinal/AirFryerController.vhd     ;         ;
; AirFryerFSM.vhd                  ; yes             ; User VHDL File               ; C:/Users/mario/Desktop/quartus/LSD/projeto_final/vfinal/AirFryerFSM.vhd            ;         ;
; TimerAuxFSM.vhd                  ; yes             ; User VHDL File               ; C:/Users/mario/Desktop/quartus/LSD/projeto_final/vfinal/TimerAuxFSM.vhd            ;         ;
; TempAuxFSM.vhd                   ; yes             ; User VHDL File               ; C:/Users/mario/Desktop/quartus/LSD/projeto_final/vfinal/TempAuxFSM.vhd             ;         ;
; FreqDividerK.vhd                 ; yes             ; User VHDL File               ; C:/Users/mario/Desktop/quartus/LSD/projeto_final/vfinal/FreqDividerK.vhd           ;         ;
; PulseGenerator.vhd               ; yes             ; User VHDL File               ; C:/Users/mario/Desktop/quartus/LSD/projeto_final/vfinal/PulseGenerator.vhd         ;         ;
; DebounceUnit.vhd                 ; yes             ; User VHDL File               ; C:/Users/mario/Desktop/quartus/LSD/projeto_final/vfinal/DebounceUnit.vhd           ;         ;
; Bin7SegDecoderEn.vhd             ; yes             ; User VHDL File               ; C:/Users/mario/Desktop/quartus/LSD/projeto_final/vfinal/Bin7SegDecoderEn.vhd       ;         ;
; Bin2BCD8_8.vhd                   ; yes             ; User VHDL File               ; C:/Users/mario/Desktop/quartus/LSD/projeto_final/vfinal/Bin2BCD8_8.vhd             ;         ;
; Bin2BCD8_12.vhd                  ; yes             ; User VHDL File               ; C:/Users/mario/Desktop/quartus/LSD/projeto_final/vfinal/Bin2BCD8_12.vhd            ;         ;
; SyncSWReg.vhd                    ; yes             ; User VHDL File               ; C:/Users/mario/Desktop/quartus/LSD/projeto_final/vfinal/SyncSWReg.vhd              ;         ;
; ProgramReg.vhd                   ; yes             ; User VHDL File               ; C:/Users/mario/Desktop/quartus/LSD/projeto_final/vfinal/ProgramReg.vhd             ;         ;
; TimerNDes.vhd                    ; yes             ; User VHDL File               ; C:/Users/mario/Desktop/quartus/LSD/projeto_final/vfinal/TimerNDes.vhd              ;         ;
; lpm_divide.tdf                   ; yes             ; Megafunction                 ; c:/intelfpga_lite/22.1std/quartus/libraries/megafunctions/lpm_divide.tdf           ;         ;
; abs_divider.inc                  ; yes             ; Megafunction                 ; c:/intelfpga_lite/22.1std/quartus/libraries/megafunctions/abs_divider.inc          ;         ;
; sign_div_unsign.inc              ; yes             ; Megafunction                 ; c:/intelfpga_lite/22.1std/quartus/libraries/megafunctions/sign_div_unsign.inc      ;         ;
; aglobal221.inc                   ; yes             ; Megafunction                 ; c:/intelfpga_lite/22.1std/quartus/libraries/megafunctions/aglobal221.inc           ;         ;
; db/lpm_divide_q9m.tdf            ; yes             ; Auto-Generated Megafunction  ; C:/Users/mario/Desktop/quartus/LSD/projeto_final/vfinal/db/lpm_divide_q9m.tdf      ;         ;
; db/sign_div_unsign_fkh.tdf       ; yes             ; Auto-Generated Megafunction  ; C:/Users/mario/Desktop/quartus/LSD/projeto_final/vfinal/db/sign_div_unsign_fkh.tdf ;         ;
; db/alt_u_div_i4f.tdf             ; yes             ; Auto-Generated Megafunction  ; C:/Users/mario/Desktop/quartus/LSD/projeto_final/vfinal/db/alt_u_div_i4f.tdf       ;         ;
; db/add_sub_7pc.tdf               ; yes             ; Auto-Generated Megafunction  ; C:/Users/mario/Desktop/quartus/LSD/projeto_final/vfinal/db/add_sub_7pc.tdf         ;         ;
; db/add_sub_8pc.tdf               ; yes             ; Auto-Generated Megafunction  ; C:/Users/mario/Desktop/quartus/LSD/projeto_final/vfinal/db/add_sub_8pc.tdf         ;         ;
; db/lpm_divide_jhm.tdf            ; yes             ; Auto-Generated Megafunction  ; C:/Users/mario/Desktop/quartus/LSD/projeto_final/vfinal/db/lpm_divide_jhm.tdf      ;         ;
; db/sign_div_unsign_bkh.tdf       ; yes             ; Auto-Generated Megafunction  ; C:/Users/mario/Desktop/quartus/LSD/projeto_final/vfinal/db/sign_div_unsign_bkh.tdf ;         ;
; db/alt_u_div_a4f.tdf             ; yes             ; Auto-Generated Megafunction  ; C:/Users/mario/Desktop/quartus/LSD/projeto_final/vfinal/db/alt_u_div_a4f.tdf       ;         ;
; db/lpm_divide_mhm.tdf            ; yes             ; Auto-Generated Megafunction  ; C:/Users/mario/Desktop/quartus/LSD/projeto_final/vfinal/db/lpm_divide_mhm.tdf      ;         ;
; db/sign_div_unsign_ekh.tdf       ; yes             ; Auto-Generated Megafunction  ; C:/Users/mario/Desktop/quartus/LSD/projeto_final/vfinal/db/sign_div_unsign_ekh.tdf ;         ;
; db/alt_u_div_g4f.tdf             ; yes             ; Auto-Generated Megafunction  ; C:/Users/mario/Desktop/quartus/LSD/projeto_final/vfinal/db/alt_u_div_g4f.tdf       ;         ;
+----------------------------------+-----------------+------------------------------+------------------------------------------------------------------------------------+---------+


+--------------------------------------------------------------+
; Analysis & Synthesis Resource Usage Summary                  ;
+---------------------------------------------+----------------+
; Resource                                    ; Usage          ;
+---------------------------------------------+----------------+
; Estimated Total logic elements              ; 1,039          ;
;                                             ;                ;
; Total combinational functions               ; 1018           ;
; Logic element usage by number of LUT inputs ;                ;
;     -- 4 input functions                    ; 306            ;
;     -- 3 input functions                    ; 180            ;
;     -- <=2 input functions                  ; 532            ;
;                                             ;                ;
; Logic elements by mode                      ;                ;
;     -- normal mode                          ; 679            ;
;     -- arithmetic mode                      ; 339            ;
;                                             ;                ;
; Total registers                             ; 282            ;
;     -- Dedicated logic registers            ; 282            ;
;     -- I/O registers                        ; 0              ;
;                                             ;                ;
; I/O pins                                    ; 64             ;
;                                             ;                ;
; Embedded Multiplier 9-bit elements          ; 0              ;
;                                             ;                ;
; Maximum fan-out node                        ; CLOCK_50~input ;
; Maximum fan-out                             ; 282            ;
; Total fan-out                               ; 3737           ;
; Average fan-out                             ; 2.62           ;
+---------------------------------------------+----------------+


+----------------------------------------------------------------------------------------------------------------------------------------------------------------------------------------------------------------------------------------------------------------------------------------------------------------------------------------------------------+
; Analysis & Synthesis Resource Utilization by Entity                                                                                                                                                                                                                                                                                                      ;
+-------------------------------------------+---------------------+---------------------------+-------------+--------------+---------+-----------+------+--------------+----------------------------------------------------------------------------------------------------------------------------------------------+---------------------+--------------+
; Compilation Hierarchy Node                ; Combinational ALUTs ; Dedicated Logic Registers ; Memory Bits ; DSP Elements ; DSP 9x9 ; DSP 18x18 ; Pins ; Virtual Pins ; Full Hierarchy Name                                                                                                                          ; Entity Name         ; Library Name ;
+-------------------------------------------+---------------------+---------------------------+-------------+--------------+---------+-----------+------+--------------+----------------------------------------------------------------------------------------------------------------------------------------------+---------------------+--------------+
; |AirFryerController                       ; 1018 (6)            ; 282 (0)                   ; 0           ; 0            ; 0       ; 0         ; 64   ; 0            ; |AirFryerController                                                                                                                          ; AirFryerController  ; work         ;
;    |AirFryerFSM:air_fryer_fsm|            ; 62 (62)             ; 13 (13)                   ; 0           ; 0            ; 0       ; 0         ; 0    ; 0            ; |AirFryerController|AirFryerFSM:air_fryer_fsm                                                                                                ; AirFryerFSM         ; work         ;
;    |Bin2BCD8_12:bin_bcd_8_12|             ; 190 (0)             ; 0 (0)                     ; 0           ; 0            ; 0       ; 0         ; 0    ; 0            ; |AirFryerController|Bin2BCD8_12:bin_bcd_8_12                                                                                                 ; Bin2BCD8_12         ; work         ;
;       |lpm_divide:Div0|                   ; 25 (0)              ; 0 (0)                     ; 0           ; 0            ; 0       ; 0         ; 0    ; 0            ; |AirFryerController|Bin2BCD8_12:bin_bcd_8_12|lpm_divide:Div0                                                                                 ; lpm_divide          ; work         ;
;          |lpm_divide_mhm:auto_generated|  ; 25 (0)              ; 0 (0)                     ; 0           ; 0            ; 0       ; 0         ; 0    ; 0            ; |AirFryerController|Bin2BCD8_12:bin_bcd_8_12|lpm_divide:Div0|lpm_divide_mhm:auto_generated                                                   ; lpm_divide_mhm      ; work         ;
;             |sign_div_unsign_ekh:divider| ; 25 (0)              ; 0 (0)                     ; 0           ; 0            ; 0       ; 0         ; 0    ; 0            ; |AirFryerController|Bin2BCD8_12:bin_bcd_8_12|lpm_divide:Div0|lpm_divide_mhm:auto_generated|sign_div_unsign_ekh:divider                       ; sign_div_unsign_ekh ; work         ;
;                |alt_u_div_g4f:divider|    ; 25 (25)             ; 0 (0)                     ; 0           ; 0            ; 0       ; 0         ; 0    ; 0            ; |AirFryerController|Bin2BCD8_12:bin_bcd_8_12|lpm_divide:Div0|lpm_divide_mhm:auto_generated|sign_div_unsign_ekh:divider|alt_u_div_g4f:divider ; alt_u_div_g4f       ; work         ;
;       |lpm_divide:Div1|                   ; 56 (0)              ; 0 (0)                     ; 0           ; 0            ; 0       ; 0         ; 0    ; 0            ; |AirFryerController|Bin2BCD8_12:bin_bcd_8_12|lpm_divide:Div1                                                                                 ; lpm_divide          ; work         ;
;          |lpm_divide_jhm:auto_generated|  ; 56 (0)              ; 0 (0)                     ; 0           ; 0            ; 0       ; 0         ; 0    ; 0            ; |AirFryerController|Bin2BCD8_12:bin_bcd_8_12|lpm_divide:Div1|lpm_divide_jhm:auto_generated                                                   ; lpm_divide_jhm      ; work         ;
;             |sign_div_unsign_bkh:divider| ; 56 (0)              ; 0 (0)                     ; 0           ; 0            ; 0       ; 0         ; 0    ; 0            ; |AirFryerController|Bin2BCD8_12:bin_bcd_8_12|lpm_divide:Div1|lpm_divide_jhm:auto_generated|sign_div_unsign_bkh:divider                       ; sign_div_unsign_bkh ; work         ;
;                |alt_u_div_a4f:divider|    ; 56 (56)             ; 0 (0)                     ; 0           ; 0            ; 0       ; 0         ; 0    ; 0            ; |AirFryerController|Bin2BCD8_12:bin_bcd_8_12|lpm_divide:Div1|lpm_divide_jhm:auto_generated|sign_div_unsign_bkh:divider|alt_u_div_a4f:divider ; alt_u_div_a4f       ; work         ;
;       |lpm_divide:Mod0|                   ; 32 (0)              ; 0 (0)                     ; 0           ; 0            ; 0       ; 0         ; 0    ; 0            ; |AirFryerController|Bin2BCD8_12:bin_bcd_8_12|lpm_divide:Mod0                                                                                 ; lpm_divide          ; work         ;
;          |lpm_divide_q9m:auto_generated|  ; 32 (0)              ; 0 (0)                     ; 0           ; 0            ; 0       ; 0         ; 0    ; 0            ; |AirFryerController|Bin2BCD8_12:bin_bcd_8_12|lpm_divide:Mod0|lpm_divide_q9m:auto_generated                                                   ; lpm_divide_q9m      ; work         ;
;             |sign_div_unsign_fkh:divider| ; 32 (0)              ; 0 (0)                     ; 0           ; 0            ; 0       ; 0         ; 0    ; 0            ; |AirFryerController|Bin2BCD8_12:bin_bcd_8_12|lpm_divide:Mod0|lpm_divide_q9m:auto_generated|sign_div_unsign_fkh:divider                       ; sign_div_unsign_fkh ; work         ;
;                |alt_u_div_i4f:divider|    ; 32 (32)             ; 0 (0)                     ; 0           ; 0            ; 0       ; 0         ; 0    ; 0            ; |AirFryerController|Bin2BCD8_12:bin_bcd_8_12|lpm_divide:Mod0|lpm_divide_q9m:auto_generated|sign_div_unsign_fkh:divider|alt_u_div_i4f:divider ; alt_u_div_i4f       ; work         ;
;       |lpm_divide:Mod1|                   ; 77 (0)              ; 0 (0)                     ; 0           ; 0            ; 0       ; 0         ; 0    ; 0            ; |AirFryerController|Bin2BCD8_12:bin_bcd_8_12|lpm_divide:Mod1                                                                                 ; lpm_divide          ; work         ;
;          |lpm_divide_q9m:auto_generated|  ; 77 (0)              ; 0 (0)                     ; 0           ; 0            ; 0       ; 0         ; 0    ; 0            ; |AirFryerController|Bin2BCD8_12:bin_bcd_8_12|lpm_divide:Mod1|lpm_divide_q9m:auto_generated                                                   ; lpm_divide_q9m      ; work         ;
;             |sign_div_unsign_fkh:divider| ; 77 (0)              ; 0 (0)                     ; 0           ; 0            ; 0       ; 0         ; 0    ; 0            ; |AirFryerController|Bin2BCD8_12:bin_bcd_8_12|lpm_divide:Mod1|lpm_divide_q9m:auto_generated|sign_div_unsign_fkh:divider                       ; sign_div_unsign_fkh ; work         ;
;                |alt_u_div_i4f:divider|    ; 77 (77)             ; 0 (0)                     ; 0           ; 0            ; 0       ; 0         ; 0    ; 0            ; |AirFryerController|Bin2BCD8_12:bin_bcd_8_12|lpm_divide:Mod1|lpm_divide_q9m:auto_generated|sign_div_unsign_fkh:divider|alt_u_div_i4f:divider ; alt_u_div_i4f       ; work         ;
;    |Bin2BCD8_8:bin_bcd_8_8|               ; 133 (0)             ; 0 (0)                     ; 0           ; 0            ; 0       ; 0         ; 0    ; 0            ; |AirFryerController|Bin2BCD8_8:bin_bcd_8_8                                                                                                   ; Bin2BCD8_8          ; work         ;
;       |lpm_divide:Div0|                   ; 56 (0)              ; 0 (0)                     ; 0           ; 0            ; 0       ; 0         ; 0    ; 0            ; |AirFryerController|Bin2BCD8_8:bin_bcd_8_8|lpm_divide:Div0                                                                                   ; lpm_divide          ; work         ;
;          |lpm_divide_jhm:auto_generated|  ; 56 (0)              ; 0 (0)                     ; 0           ; 0            ; 0       ; 0         ; 0    ; 0            ; |AirFryerController|Bin2BCD8_8:bin_bcd_8_8|lpm_divide:Div0|lpm_divide_jhm:auto_generated                                                     ; lpm_divide_jhm      ; work         ;
;             |sign_div_unsign_bkh:divider| ; 56 (0)              ; 0 (0)                     ; 0           ; 0            ; 0       ; 0         ; 0    ; 0            ; |AirFryerController|Bin2BCD8_8:bin_bcd_8_8|lpm_divide:Div0|lpm_divide_jhm:auto_generated|sign_div_unsign_bkh:divider                         ; sign_div_unsign_bkh ; work         ;
;                |alt_u_div_a4f:divider|    ; 56 (56)             ; 0 (0)                     ; 0           ; 0            ; 0       ; 0         ; 0    ; 0            ; |AirFryerController|Bin2BCD8_8:bin_bcd_8_8|lpm_divide:Div0|lpm_divide_jhm:auto_generated|sign_div_unsign_bkh:divider|alt_u_div_a4f:divider   ; alt_u_div_a4f       ; work         ;
;       |lpm_divide:Mod0|                   ; 77 (0)              ; 0 (0)                     ; 0           ; 0            ; 0       ; 0         ; 0    ; 0            ; |AirFryerController|Bin2BCD8_8:bin_bcd_8_8|lpm_divide:Mod0                                                                                   ; lpm_divide          ; work         ;
;          |lpm_divide_q9m:auto_generated|  ; 77 (0)              ; 0 (0)                     ; 0           ; 0            ; 0       ; 0         ; 0    ; 0            ; |AirFryerController|Bin2BCD8_8:bin_bcd_8_8|lpm_divide:Mod0|lpm_divide_q9m:auto_generated                                                     ; lpm_divide_q9m      ; work         ;
;             |sign_div_unsign_fkh:divider| ; 77 (0)              ; 0 (0)                     ; 0           ; 0            ; 0       ; 0         ; 0    ; 0            ; |AirFryerController|Bin2BCD8_8:bin_bcd_8_8|lpm_divide:Mod0|lpm_divide_q9m:auto_generated|sign_div_unsign_fkh:divider                         ; sign_div_unsign_fkh ; work         ;
;                |alt_u_div_i4f:divider|    ; 77 (77)             ; 0 (0)                     ; 0           ; 0            ; 0       ; 0         ; 0    ; 0            ; |AirFryerController|Bin2BCD8_8:bin_bcd_8_8|lpm_divide:Mod0|lpm_divide_q9m:auto_generated|sign_div_unsign_fkh:divider|alt_u_div_i4f:divider   ; alt_u_div_i4f       ; work         ;
;    |Bin7SegDecoderEn:bin_7seg_dec0|       ; 4 (4)               ; 0 (0)                     ; 0           ; 0            ; 0       ; 0         ; 0    ; 0            ; |AirFryerController|Bin7SegDecoderEn:bin_7seg_dec0                                                                                           ; Bin7SegDecoderEn    ; work         ;
;    |Bin7SegDecoderEn:bin_7seg_dec1|       ; 14 (14)             ; 0 (0)                     ; 0           ; 0            ; 0       ; 0         ; 0    ; 0            ; |AirFryerController|Bin7SegDecoderEn:bin_7seg_dec1                                                                                           ; Bin7SegDecoderEn    ; work         ;
;    |Bin7SegDecoderEn:bin_7seg_dec2|       ; 5 (5)               ; 0 (0)                     ; 0           ; 0            ; 0       ; 0         ; 0    ; 0            ; |AirFryerController|Bin7SegDecoderEn:bin_7seg_dec2                                                                                           ; Bin7SegDecoderEn    ; work         ;
;    |Bin7SegDecoderEn:bin_7seg_dec4|       ; 14 (14)             ; 0 (0)                     ; 0           ; 0            ; 0       ; 0         ; 0    ; 0            ; |AirFryerController|Bin7SegDecoderEn:bin_7seg_dec4                                                                                           ; Bin7SegDecoderEn    ; work         ;
;    |Bin7SegDecoderEn:bin_7seg_dec5|       ; 14 (14)             ; 0 (0)                     ; 0           ; 0            ; 0       ; 0         ; 0    ; 0            ; |AirFryerController|Bin7SegDecoderEn:bin_7seg_dec5                                                                                           ; Bin7SegDecoderEn    ; work         ;
;    |Bin7SegDecoderEn:bin_7seg_dec6|       ; 8 (8)               ; 0 (0)                     ; 0           ; 0            ; 0       ; 0         ; 0    ; 0            ; |AirFryerController|Bin7SegDecoderEn:bin_7seg_dec6                                                                                           ; Bin7SegDecoderEn    ; work         ;
;    |DebounceUnit:debouncer_key0|          ; 68 (68)             ; 26 (26)                   ; 0           ; 0            ; 0       ; 0         ; 0    ; 0            ; |AirFryerController|DebounceUnit:debouncer_key0                                                                                              ; DebounceUnit        ; work         ;
;    |DebounceUnit:debouncer_key1|          ; 68 (68)             ; 26 (26)                   ; 0           ; 0            ; 0       ; 0         ; 0    ; 0            ; |AirFryerController|DebounceUnit:debouncer_key1                                                                                              ; DebounceUnit        ; work         ;
;    |DebounceUnit:debouncer_key2|          ; 68 (68)             ; 26 (26)                   ; 0           ; 0            ; 0       ; 0         ; 0    ; 0            ; |AirFryerController|DebounceUnit:debouncer_key2                                                                                              ; DebounceUnit        ; work         ;
;    |DebounceUnit:debouncer_key3|          ; 68 (68)             ; 26 (26)                   ; 0           ; 0            ; 0       ; 0         ; 0    ; 0            ; |AirFryerController|DebounceUnit:debouncer_key3                                                                                              ; DebounceUnit        ; work         ;
;    |DebounceUnit:debouncer_sw7|           ; 67 (67)             ; 26 (26)                   ; 0           ; 0            ; 0       ; 0         ; 0    ; 0            ; |AirFryerController|DebounceUnit:debouncer_sw7                                                                                               ; DebounceUnit        ; work         ;
;    |FreqDividerK:freq_divider_blink|      ; 46 (46)             ; 32 (32)                   ; 0           ; 0            ; 0       ; 0         ; 0    ; 0            ; |AirFryerController|FreqDividerK:freq_divider_blink                                                                                          ; FreqDividerK        ; work         ;
;    |ProgramReg:reg_program|               ; 0 (0)               ; 3 (3)                     ; 0           ; 0            ; 0       ; 0         ; 0    ; 0            ; |AirFryerController|ProgramReg:reg_program                                                                                                   ; ProgramReg          ; work         ;
;    |PulseGenerator:pulse_gen_1sec|        ; 43 (43)             ; 32 (32)                   ; 0           ; 0            ; 0       ; 0         ; 0    ; 0            ; |AirFryerController|PulseGenerator:pulse_gen_1sec                                                                                            ; PulseGenerator      ; work         ;
;    |SyncSWReg:sync_sw|                    ; 0 (0)               ; 7 (7)                     ; 0           ; 0            ; 0       ; 0         ; 0    ; 0            ; |AirFryerController|SyncSWReg:sync_sw                                                                                                        ; SyncSWReg           ; work         ;
;    |TempAuxFSM:temp_aux_fsm|              ; 46 (46)             ; 15 (15)                   ; 0           ; 0            ; 0       ; 0         ; 0    ; 0            ; |AirFryerController|TempAuxFSM:temp_aux_fsm                                                                                                  ; TempAuxFSM          ; work         ;
;    |TimerAuxFSM:timer_aux_fsm|            ; 45 (45)             ; 17 (17)                   ; 0           ; 0            ; 0       ; 0         ; 0    ; 0            ; |AirFryerController|TimerAuxFSM:timer_aux_fsm                                                                                                ; TimerAuxFSM         ; work         ;
;    |TimerNDes:timer_des_cooled|           ; 49 (49)             ; 33 (33)                   ; 0           ; 0            ; 0       ; 0         ; 0    ; 0            ; |AirFryerController|TimerNDes:timer_des_cooled                                                                                               ; TimerNDes           ; work         ;
+-------------------------------------------+---------------------+---------------------------+-------------+--------------+---------+-----------+------+--------------+----------------------------------------------------------------------------------------------------------------------------------------------+---------------------+--------------+
Note: For table entries with two numbers listed, the numbers in parentheses indicate the number of resources of the given type used by the specific entity alone. The numbers listed outside of parentheses indicate the total resources of the given type used by the specific entity and all of its sub-entities in the hierarchy.


Encoding Type:  One-Hot
+----------------------------------------------------------------------------------------------------------------------------------------------------------------------------------------------------------------------------------------------+
; State Machine - |AirFryerController|AirFryerFSM:air_fryer_fsm|s_previousState                                                                                                                                                                ;
+-------------------------------+-----------------------+-----------------------+-------------------------------+-------------------------+--------------------------+--------------------------+-----------------------+----------------------+
; Name                          ; s_previousState.TCool ; s_previousState.TCook ; s_previousState.TUserCookTime ; s_previousState.Topened ; s_previousState.TStopped ; s_previousState.TPreheat ; s_previousState.TIdle ; s_previousState.TOff ;
+-------------------------------+-----------------------+-----------------------+-------------------------------+-------------------------+--------------------------+--------------------------+-----------------------+----------------------+
; s_previousState.TOff          ; 0                     ; 0                     ; 0                             ; 0                       ; 0                        ; 0                        ; 0                     ; 0                    ;
; s_previousState.TIdle         ; 0                     ; 0                     ; 0                             ; 0                       ; 0                        ; 0                        ; 1                     ; 1                    ;
; s_previousState.TPreheat      ; 0                     ; 0                     ; 0                             ; 0                       ; 0                        ; 1                        ; 0                     ; 1                    ;
; s_previousState.TStopped      ; 0                     ; 0                     ; 0                             ; 0                       ; 1                        ; 0                        ; 0                     ; 1                    ;
; s_previousState.Topened       ; 0                     ; 0                     ; 0                             ; 1                       ; 0                        ; 0                        ; 0                     ; 1                    ;
; s_previousState.TUserCookTime ; 0                     ; 0                     ; 1                             ; 0                       ; 0                        ; 0                        ; 0                     ; 1                    ;
; s_previousState.TCook         ; 0                     ; 1                     ; 0                             ; 0                       ; 0                        ; 0                        ; 0                     ; 1                    ;
; s_previousState.TCool         ; 1                     ; 0                     ; 0                             ; 0                       ; 0                        ; 0                        ; 0                     ; 1                    ;
+-------------------------------+-----------------------+-----------------------+-------------------------------+-------------------------+--------------------------+--------------------------+-----------------------+----------------------+


Encoding Type:  One-Hot
+-------------------------------------------------------------------------------------------------------------------------------------------------------------------------------------------------------------------------------------+
; State Machine - |AirFryerController|AirFryerFSM:air_fryer_fsm|s_currentState                                                                                                                                                        ;
+------------------------------+----------------------+----------------------+------------------------------+------------------------+-------------------------+-------------------------+----------------------+---------------------+
; Name                         ; s_currentState.TCool ; s_currentState.TCook ; s_currentState.TUserCookTime ; s_currentState.Topened ; s_currentState.TStopped ; s_currentState.TPreheat ; s_currentState.TIdle ; s_currentState.TOff ;
+------------------------------+----------------------+----------------------+------------------------------+------------------------+-------------------------+-------------------------+----------------------+---------------------+
; s_currentState.TOff          ; 0                    ; 0                    ; 0                            ; 0                      ; 0                       ; 0                       ; 0                    ; 0                   ;
; s_currentState.TIdle         ; 0                    ; 0                    ; 0                            ; 0                      ; 0                       ; 0                       ; 1                    ; 1                   ;
; s_currentState.TPreheat      ; 0                    ; 0                    ; 0                            ; 0                      ; 0                       ; 1                       ; 0                    ; 1                   ;
; s_currentState.TStopped      ; 0                    ; 0                    ; 0                            ; 0                      ; 1                       ; 0                       ; 0                    ; 1                   ;
; s_currentState.Topened       ; 0                    ; 0                    ; 0                            ; 1                      ; 0                       ; 0                       ; 0                    ; 1                   ;
; s_currentState.TUserCookTime ; 0                    ; 0                    ; 1                            ; 0                      ; 0                       ; 0                       ; 0                    ; 1                   ;
; s_currentState.TCook         ; 0                    ; 1                    ; 0                            ; 0                      ; 0                       ; 0                       ; 0                    ; 1                   ;
; s_currentState.TCool         ; 1                    ; 0                    ; 0                            ; 0                      ; 0                       ; 0                       ; 0                    ; 1                   ;
+------------------------------+----------------------+----------------------+------------------------------+------------------------+-------------------------+-------------------------+----------------------+---------------------+


+------------------------------------------------------------------------------------------+
; Registers Removed During Synthesis                                                       ;
+-------------------------------------------------+----------------------------------------+
; Register name                                   ; Reason for Removal                     ;
+-------------------------------------------------+----------------------------------------+
; TempAuxFSM:temp_aux_fsm|s_temp[0]               ; Stuck at GND due to stuck port data_in ;
; AirFryerFSM:air_fryer_fsm|s_previousState.TOff  ; Lost fanout                            ;
; AirFryerFSM:air_fryer_fsm|s_previousState.TIdle ; Lost fanout                            ;
; AirFryerFSM:air_fryer_fsm|s_previousState.TCool ; Lost fanout                            ;
; Total Number of Removed Registers = 4           ;                                        ;
+-------------------------------------------------+----------------------------------------+


+------------------------------------------------------+
; General Register Statistics                          ;
+----------------------------------------------+-------+
; Statistic                                    ; Value ;
+----------------------------------------------+-------+
; Total registers                              ; 282   ;
; Number of registers using Synchronous Clear  ; 98    ;
; Number of registers using Synchronous Load   ; 40    ;
; Number of registers using Asynchronous Clear ; 0     ;
; Number of registers using Asynchronous Load  ; 0     ;
; Number of registers using Clock Enable       ; 128   ;
; Number of registers using Preset             ; 0     ;
+----------------------------------------------+-------+


+-----------------------------------------------------+
; Inverted Register Statistics                        ;
+-------------------------------------------+---------+
; Inverted Register                         ; Fan out ;
+-------------------------------------------+---------+
; TempAuxFSM:temp_aux_fsm|s_temp[4]         ; 12      ;
; TempAuxFSM:temp_aux_fsm|s_temp[2]         ; 10      ;
; TempAuxFSM:temp_aux_fsm|s_setTempUser[6]  ; 4       ;
; TempAuxFSM:temp_aux_fsm|s_setTempUser[5]  ; 4       ;
; TempAuxFSM:temp_aux_fsm|s_setTempUser[2]  ; 4       ;
; TimerAuxFSM:timer_aux_fsm|s_setCntUser[0] ; 2       ;
; TimerAuxFSM:timer_aux_fsm|s_setCntUser[2] ; 4       ;
; Total number of inverted registers = 7    ;         ;
+-------------------------------------------+---------+


+--------------------------------------------------------------------------------------------------------------------------------------------------------------------------------+
; Multiplexer Restructuring Statistics (Restructuring Performed)                                                                                                                 ;
+--------------------+-----------+---------------+----------------------+------------------------+------------+------------------------------------------------------------------+
; Multiplexer Inputs ; Bus Width ; Baseline Area ; Area if Restructured ; Saving if Restructured ; Registered ; Example Multiplexer Output                                       ;
+--------------------+-----------+---------------+----------------------+------------------------+------------+------------------------------------------------------------------+
; 3:1                ; 31 bits   ; 62 LEs        ; 31 LEs               ; 31 LEs                 ; Yes        ; |AirFryerController|PulseGenerator:pulse_gen_1sec|s_count[5]     ;
; 3:1                ; 4 bits    ; 8 LEs         ; 4 LEs                ; 4 LEs                  ; Yes        ; |AirFryerController|TempAuxFSM:temp_aux_fsm|s_setTempUser[4]     ;
; 3:1                ; 6 bits    ; 12 LEs        ; 6 LEs                ; 6 LEs                  ; Yes        ; |AirFryerController|TimerAuxFSM:timer_aux_fsm|s_setCntUser[1]    ;
; 4:1                ; 32 bits   ; 64 LEs        ; 32 LEs               ; 32 LEs                 ; Yes        ; |AirFryerController|TimerNDes:timer_des_cooled|s_count[31]       ;
; 5:1                ; 3 bits    ; 9 LEs         ; 6 LEs                ; 3 LEs                  ; Yes        ; |AirFryerController|TimerAuxFSM:timer_aux_fsm|s_cnt[5]           ;
; 5:1                ; 23 bits   ; 69 LEs        ; 46 LEs               ; 23 LEs                 ; Yes        ; |AirFryerController|DebounceUnit:debouncer_sw7|s_debounceCnt[13] ;
; 5:1                ; 23 bits   ; 69 LEs        ; 46 LEs               ; 23 LEs                 ; Yes        ; |AirFryerController|DebounceUnit:debouncer_key2|s_debounceCnt[2] ;
; 5:1                ; 23 bits   ; 69 LEs        ; 46 LEs               ; 23 LEs                 ; Yes        ; |AirFryerController|DebounceUnit:debouncer_key3|s_debounceCnt[4] ;
; 5:1                ; 23 bits   ; 69 LEs        ; 46 LEs               ; 23 LEs                 ; Yes        ; |AirFryerController|DebounceUnit:debouncer_key0|s_debounceCnt[0] ;
; 5:1                ; 23 bits   ; 69 LEs        ; 46 LEs               ; 23 LEs                 ; Yes        ; |AirFryerController|DebounceUnit:debouncer_key1|s_debounceCnt[4] ;
; 5:1                ; 2 bits    ; 6 LEs         ; 4 LEs                ; 2 LEs                  ; Yes        ; |AirFryerController|TimerAuxFSM:timer_aux_fsm|s_cnt[3]           ;
; 3:1                ; 3 bits    ; 6 LEs         ; 3 LEs                ; 3 LEs                  ; Yes        ; |AirFryerController|TempAuxFSM:temp_aux_fsm|s_setTempUser[2]     ;
; 3:1                ; 2 bits    ; 4 LEs         ; 2 LEs                ; 2 LEs                  ; Yes        ; |AirFryerController|TimerAuxFSM:timer_aux_fsm|s_setCntUser[0]    ;
; 5:1                ; 2 bits    ; 6 LEs         ; 4 LEs                ; 2 LEs                  ; Yes        ; |AirFryerController|TempAuxFSM:temp_aux_fsm|s_temp[2]            ;
; 12:1               ; 2 bits    ; 16 LEs        ; 4 LEs                ; 12 LEs                 ; No         ; |AirFryerController|AirFryerFSM:air_fryer_fsm|Selector7          ;
+--------------------+-----------+---------------+----------------------+------------------------+------------+------------------------------------------------------------------+


+-------------------------------------------------------------------------+
; Parameter Settings for User Entity Instance: DebounceUnit:debouncer_sw7 ;
+----------------+-------+------------------------------------------------+
; Parameter Name ; Value ; Type                                           ;
+----------------+-------+------------------------------------------------+
; khzclkfreq     ; 50000 ; Signed Integer                                 ;
; msecmininwidth ; 100   ; Signed Integer                                 ;
; inpolarity     ; '1'   ; Enumerated                                     ;
; outpolarity    ; '1'   ; Enumerated                                     ;
+----------------+-------+------------------------------------------------+
Note: In order to hide this table in the UI and the text report file, please set the "Show Parameter Settings in Synthesis Report" option in "Analysis and Synthesis Settings -> More Settings" to "Off".


+--------------------------------------------------------------------------+
; Parameter Settings for User Entity Instance: DebounceUnit:debouncer_key0 ;
+----------------+-------+-------------------------------------------------+
; Parameter Name ; Value ; Type                                            ;
+----------------+-------+-------------------------------------------------+
; khzclkfreq     ; 50000 ; Signed Integer                                  ;
; msecmininwidth ; 100   ; Signed Integer                                  ;
; inpolarity     ; '0'   ; Enumerated                                      ;
; outpolarity    ; '1'   ; Enumerated                                      ;
+----------------+-------+-------------------------------------------------+
Note: In order to hide this table in the UI and the text report file, please set the "Show Parameter Settings in Synthesis Report" option in "Analysis and Synthesis Settings -> More Settings" to "Off".


+--------------------------------------------------------------------------+
; Parameter Settings for User Entity Instance: DebounceUnit:debouncer_key1 ;
+----------------+-------+-------------------------------------------------+
; Parameter Name ; Value ; Type                                            ;
+----------------+-------+-------------------------------------------------+
; khzclkfreq     ; 50000 ; Signed Integer                                  ;
; msecmininwidth ; 100   ; Signed Integer                                  ;
; inpolarity     ; '0'   ; Enumerated                                      ;
; outpolarity    ; '1'   ; Enumerated                                      ;
+----------------+-------+-------------------------------------------------+
Note: In order to hide this table in the UI and the text report file, please set the "Show Parameter Settings in Synthesis Report" option in "Analysis and Synthesis Settings -> More Settings" to "Off".


+--------------------------------------------------------------------------+
; Parameter Settings for User Entity Instance: DebounceUnit:debouncer_key2 ;
+----------------+-------+-------------------------------------------------+
; Parameter Name ; Value ; Type                                            ;
+----------------+-------+-------------------------------------------------+
; khzclkfreq     ; 50000 ; Signed Integer                                  ;
; msecmininwidth ; 100   ; Signed Integer                                  ;
; inpolarity     ; '0'   ; Enumerated                                      ;
; outpolarity    ; '1'   ; Enumerated                                      ;
+----------------+-------+-------------------------------------------------+
Note: In order to hide this table in the UI and the text report file, please set the "Show Parameter Settings in Synthesis Report" option in "Analysis and Synthesis Settings -> More Settings" to "Off".


+--------------------------------------------------------------------------+
; Parameter Settings for User Entity Instance: DebounceUnit:debouncer_key3 ;
+----------------+-------+-------------------------------------------------+
; Parameter Name ; Value ; Type                                            ;
+----------------+-------+-------------------------------------------------+
; khzclkfreq     ; 50000 ; Signed Integer                                  ;
; msecmininwidth ; 100   ; Signed Integer                                  ;
; inpolarity     ; '0'   ; Enumerated                                      ;
; outpolarity    ; '1'   ; Enumerated                                      ;
+----------------+-------+-------------------------------------------------+
Note: In order to hide this table in the UI and the text report file, please set the "Show Parameter Settings in Synthesis Report" option in "Analysis and Synthesis Settings -> More Settings" to "Off".


+----------------------------------------------------------------------------+
; Parameter Settings for User Entity Instance: PulseGenerator:pulse_gen_1sec ;
+----------------+----------+------------------------------------------------+
; Parameter Name ; Value    ; Type                                           ;
+----------------+----------+------------------------------------------------+
; k              ; 50000000 ; Signed Integer                                 ;
+----------------+----------+------------------------------------------------+
Note: In order to hide this table in the UI and the text report file, please set the "Show Parameter Settings in Synthesis Report" option in "Analysis and Synthesis Settings -> More Settings" to "Off".


+------------------------------------------------------------------------------+
; Parameter Settings for User Entity Instance: FreqDividerK:freq_divider_blink ;
+----------------+----------+--------------------------------------------------+
; Parameter Name ; Value    ; Type                                             ;
+----------------+----------+--------------------------------------------------+
; k              ; 25000000 ; Signed Integer                                   ;
+----------------+----------+--------------------------------------------------+
Note: In order to hide this table in the UI and the text report file, please set the "Show Parameter Settings in Synthesis Report" option in "Analysis and Synthesis Settings -> More Settings" to "Off".


+-------------------------------------------------------------------------+
; Parameter Settings for User Entity Instance: TimerNDes:timer_des_cooled ;
+----------------+-----------+--------------------------------------------+
; Parameter Name ; Value     ; Type                                       ;
+----------------+-----------+--------------------------------------------+
; n              ; 100000000 ; Signed Integer                             ;
+----------------+-----------+--------------------------------------------+
Note: In order to hide this table in the UI and the text report file, please set the "Show Parameter Settings in Synthesis Report" option in "Analysis and Synthesis Settings -> More Settings" to "Off".


+-------------------------------------------------------------------------------------------+
; Parameter Settings for Inferred Entity Instance: Bin2BCD8_12:bin_bcd_8_12|lpm_divide:Mod1 ;
+------------------------+----------------+-------------------------------------------------+
; Parameter Name         ; Value          ; Type                                            ;
+------------------------+----------------+-------------------------------------------------+
; LPM_WIDTHN             ; 8              ; Untyped                                         ;
; LPM_WIDTHD             ; 8              ; Untyped                                         ;
; LPM_NREPRESENTATION    ; UNSIGNED       ; Untyped                                         ;
; LPM_DREPRESENTATION    ; UNSIGNED       ; Untyped                                         ;
; LPM_PIPELINE           ; 0              ; Untyped                                         ;
; LPM_REMAINDERPOSITIVE  ; TRUE           ; Untyped                                         ;
; MAXIMIZE_SPEED         ; 5              ; Untyped                                         ;
; CBXI_PARAMETER         ; lpm_divide_q9m ; Untyped                                         ;
; CARRY_CHAIN            ; MANUAL         ; Untyped                                         ;
; OPTIMIZE_FOR_SPEED     ; 5              ; Untyped                                         ;
; AUTO_CARRY_CHAINS      ; ON             ; AUTO_CARRY                                      ;
; IGNORE_CARRY_BUFFERS   ; OFF            ; IGNORE_CARRY                                    ;
; AUTO_CASCADE_CHAINS    ; ON             ; AUTO_CASCADE                                    ;
; IGNORE_CASCADE_BUFFERS ; OFF            ; IGNORE_CASCADE                                  ;
+------------------------+----------------+-------------------------------------------------+
Note: In order to hide this table in the UI and the text report file, please set the "Show Parameter Settings in Synthesis Report" option in "Analysis and Synthesis Settings -> More Settings" to "Off".


+-------------------------------------------------------------------------------------------+
; Parameter Settings for Inferred Entity Instance: Bin2BCD8_12:bin_bcd_8_12|lpm_divide:Div1 ;
+------------------------+----------------+-------------------------------------------------+
; Parameter Name         ; Value          ; Type                                            ;
+------------------------+----------------+-------------------------------------------------+
; LPM_WIDTHN             ; 8              ; Untyped                                         ;
; LPM_WIDTHD             ; 4              ; Untyped                                         ;
; LPM_NREPRESENTATION    ; UNSIGNED       ; Untyped                                         ;
; LPM_DREPRESENTATION    ; UNSIGNED       ; Untyped                                         ;
; LPM_PIPELINE           ; 0              ; Untyped                                         ;
; LPM_REMAINDERPOSITIVE  ; TRUE           ; Untyped                                         ;
; MAXIMIZE_SPEED         ; 5              ; Untyped                                         ;
; CBXI_PARAMETER         ; lpm_divide_jhm ; Untyped                                         ;
; CARRY_CHAIN            ; MANUAL         ; Untyped                                         ;
; OPTIMIZE_FOR_SPEED     ; 5              ; Untyped                                         ;
; AUTO_CARRY_CHAINS      ; ON             ; AUTO_CARRY                                      ;
; IGNORE_CARRY_BUFFERS   ; OFF            ; IGNORE_CARRY                                    ;
; AUTO_CASCADE_CHAINS    ; ON             ; AUTO_CASCADE                                    ;
; IGNORE_CASCADE_BUFFERS ; OFF            ; IGNORE_CASCADE                                  ;
+------------------------+----------------+-------------------------------------------------+
Note: In order to hide this table in the UI and the text report file, please set the "Show Parameter Settings in Synthesis Report" option in "Analysis and Synthesis Settings -> More Settings" to "Off".


+-------------------------------------------------------------------------------------------+
; Parameter Settings for Inferred Entity Instance: Bin2BCD8_12:bin_bcd_8_12|lpm_divide:Mod0 ;
+------------------------+----------------+-------------------------------------------------+
; Parameter Name         ; Value          ; Type                                            ;
+------------------------+----------------+-------------------------------------------------+
; LPM_WIDTHN             ; 8              ; Untyped                                         ;
; LPM_WIDTHD             ; 8              ; Untyped                                         ;
; LPM_NREPRESENTATION    ; UNSIGNED       ; Untyped                                         ;
; LPM_DREPRESENTATION    ; UNSIGNED       ; Untyped                                         ;
; LPM_PIPELINE           ; 0              ; Untyped                                         ;
; LPM_REMAINDERPOSITIVE  ; TRUE           ; Untyped                                         ;
; MAXIMIZE_SPEED         ; 5              ; Untyped                                         ;
; CBXI_PARAMETER         ; lpm_divide_q9m ; Untyped                                         ;
; CARRY_CHAIN            ; MANUAL         ; Untyped                                         ;
; OPTIMIZE_FOR_SPEED     ; 5              ; Untyped                                         ;
; AUTO_CARRY_CHAINS      ; ON             ; AUTO_CARRY                                      ;
; IGNORE_CARRY_BUFFERS   ; OFF            ; IGNORE_CARRY                                    ;
; AUTO_CASCADE_CHAINS    ; ON             ; AUTO_CASCADE                                    ;
; IGNORE_CASCADE_BUFFERS ; OFF            ; IGNORE_CASCADE                                  ;
+------------------------+----------------+-------------------------------------------------+
Note: In order to hide this table in the UI and the text report file, please set the "Show Parameter Settings in Synthesis Report" option in "Analysis and Synthesis Settings -> More Settings" to "Off".


+-------------------------------------------------------------------------------------------+
; Parameter Settings for Inferred Entity Instance: Bin2BCD8_12:bin_bcd_8_12|lpm_divide:Div0 ;
+------------------------+----------------+-------------------------------------------------+
; Parameter Name         ; Value          ; Type                                            ;
+------------------------+----------------+-------------------------------------------------+
; LPM_WIDTHN             ; 8              ; Untyped                                         ;
; LPM_WIDTHD             ; 7              ; Untyped                                         ;
; LPM_NREPRESENTATION    ; UNSIGNED       ; Untyped                                         ;
; LPM_DREPRESENTATION    ; UNSIGNED       ; Untyped                                         ;
; LPM_PIPELINE           ; 0              ; Untyped                                         ;
; LPM_REMAINDERPOSITIVE  ; TRUE           ; Untyped                                         ;
; MAXIMIZE_SPEED         ; 5              ; Untyped                                         ;
; CBXI_PARAMETER         ; lpm_divide_mhm ; Untyped                                         ;
; CARRY_CHAIN            ; MANUAL         ; Untyped                                         ;
; OPTIMIZE_FOR_SPEED     ; 5              ; Untyped                                         ;
; AUTO_CARRY_CHAINS      ; ON             ; AUTO_CARRY                                      ;
; IGNORE_CARRY_BUFFERS   ; OFF            ; IGNORE_CARRY                                    ;
; AUTO_CASCADE_CHAINS    ; ON             ; AUTO_CASCADE                                    ;
; IGNORE_CASCADE_BUFFERS ; OFF            ; IGNORE_CASCADE                                  ;
+------------------------+----------------+-------------------------------------------------+
Note: In order to hide this table in the UI and the text report file, please set the "Show Parameter Settings in Synthesis Report" option in "Analysis and Synthesis Settings -> More Settings" to "Off".


+-----------------------------------------------------------------------------------------+
; Parameter Settings for Inferred Entity Instance: Bin2BCD8_8:bin_bcd_8_8|lpm_divide:Mod0 ;
+------------------------+----------------+-----------------------------------------------+
; Parameter Name         ; Value          ; Type                                          ;
+------------------------+----------------+-----------------------------------------------+
; LPM_WIDTHN             ; 8              ; Untyped                                       ;
; LPM_WIDTHD             ; 8              ; Untyped                                       ;
; LPM_NREPRESENTATION    ; UNSIGNED       ; Untyped                                       ;
; LPM_DREPRESENTATION    ; UNSIGNED       ; Untyped                                       ;
; LPM_PIPELINE           ; 0              ; Untyped                                       ;
; LPM_REMAINDERPOSITIVE  ; TRUE           ; Untyped                                       ;
; MAXIMIZE_SPEED         ; 5              ; Untyped                                       ;
; CBXI_PARAMETER         ; lpm_divide_q9m ; Untyped                                       ;
; CARRY_CHAIN            ; MANUAL         ; Untyped                                       ;
; OPTIMIZE_FOR_SPEED     ; 5              ; Untyped                                       ;
; AUTO_CARRY_CHAINS      ; ON             ; AUTO_CARRY                                    ;
; IGNORE_CARRY_BUFFERS   ; OFF            ; IGNORE_CARRY                                  ;
; AUTO_CASCADE_CHAINS    ; ON             ; AUTO_CASCADE                                  ;
; IGNORE_CASCADE_BUFFERS ; OFF            ; IGNORE_CASCADE                                ;
+------------------------+----------------+-----------------------------------------------+
Note: In order to hide this table in the UI and the text report file, please set the "Show Parameter Settings in Synthesis Report" option in "Analysis and Synthesis Settings -> More Settings" to "Off".


+-----------------------------------------------------------------------------------------+
; Parameter Settings for Inferred Entity Instance: Bin2BCD8_8:bin_bcd_8_8|lpm_divide:Div0 ;
+------------------------+----------------+-----------------------------------------------+
; Parameter Name         ; Value          ; Type                                          ;
+------------------------+----------------+-----------------------------------------------+
; LPM_WIDTHN             ; 8              ; Untyped                                       ;
; LPM_WIDTHD             ; 4              ; Untyped                                       ;
; LPM_NREPRESENTATION    ; UNSIGNED       ; Untyped                                       ;
; LPM_DREPRESENTATION    ; UNSIGNED       ; Untyped                                       ;
; LPM_PIPELINE           ; 0              ; Untyped                                       ;
; LPM_REMAINDERPOSITIVE  ; TRUE           ; Untyped                                       ;
; MAXIMIZE_SPEED         ; 5              ; Untyped                                       ;
; CBXI_PARAMETER         ; lpm_divide_jhm ; Untyped                                       ;
; CARRY_CHAIN            ; MANUAL         ; Untyped                                       ;
; OPTIMIZE_FOR_SPEED     ; 5              ; Untyped                                       ;
; AUTO_CARRY_CHAINS      ; ON             ; AUTO_CARRY                                    ;
; IGNORE_CARRY_BUFFERS   ; OFF            ; IGNORE_CARRY                                  ;
; AUTO_CASCADE_CHAINS    ; ON             ; AUTO_CASCADE                                  ;
; IGNORE_CASCADE_BUFFERS ; OFF            ; IGNORE_CASCADE                                ;
+------------------------+----------------+-----------------------------------------------+
Note: In order to hide this table in the UI and the text report file, please set the "Show Parameter Settings in Synthesis Report" option in "Analysis and Synthesis Settings -> More Settings" to "Off".


+--------------------------------------------------------+
; Port Connectivity Checks: "TimerNDes:timer_des_cooled" ;
+--------+-------+----------+----------------------------+
; Port   ; Type  ; Severity ; Details                    ;
+--------+-------+----------+----------------------------+
; enable ; Input ; Info     ; Stuck at VCC               ;
+--------+-------+----------+----------------------------+


+------------------------------------------------------------+
; Port Connectivity Checks: "Bin7SegDecoderEn:bin_7seg_dec6" ;
+----------+-------+----------+------------------------------+
; Port     ; Type  ; Severity ; Details                      ;
+----------+-------+----------+------------------------------+
; binin[3] ; Input ; Info     ; Stuck at GND                 ;
+----------+-------+----------+------------------------------+


+-----------------------------------------------------+
; Post-Synthesis Netlist Statistics for Top Partition ;
+-----------------------+-----------------------------+
; Type                  ; Count                       ;
+-----------------------+-----------------------------+
; boundary_port         ; 64                          ;
; cycloneiii_ff         ; 282                         ;
;     ENA               ; 117                         ;
;     ENA SCLR          ; 3                           ;
;     ENA SLD           ; 8                           ;
;     SCLR              ; 63                          ;
;     SCLR SLD          ; 32                          ;
;     plain             ; 59                          ;
; cycloneiii_lcell_comb ; 1020                        ;
;     arith             ; 339                         ;
;         1 data inputs ; 3                           ;
;         2 data inputs ; 239                         ;
;         3 data inputs ; 97                          ;
;     normal            ; 681                         ;
;         0 data inputs ; 25                          ;
;         1 data inputs ; 23                          ;
;         2 data inputs ; 244                         ;
;         3 data inputs ; 83                          ;
;         4 data inputs ; 306                         ;
;                       ;                             ;
; Max LUT depth         ; 15.20                       ;
; Average LUT depth     ; 7.07                        ;
+-----------------------+-----------------------------+


+-------------------------------+
; Elapsed Time Per Partition    ;
+----------------+--------------+
; Partition Name ; Elapsed Time ;
+----------------+--------------+
; Top            ; 00:00:02     ;
+----------------+--------------+


+-------------------------------+
; Analysis & Synthesis Messages ;
+-------------------------------+
Info: *******************************************************************
Info: Running Quartus Prime Analysis & Synthesis
    Info: Version 22.1std.2 Build 922 07/20/2023 SC Lite Edition
    Info: Processing started: Tue May 28 23:27:05 2024
Info: Command: quartus_map --read_settings_files=on --write_settings_files=off AirFryerController -c AirFryerController
Warning (18236): Number of processors has not been specified which may cause overloading on shared machines.  Set the global assignment NUM_PARALLEL_PROCESSORS in your QSF to an appropriate value for best performance.
Info (20030): Parallel compilation is enabled and will use 12 of the 12 processors detected
Info (12021): Found 2 design units, including 1 entities, in source file airfryercontroller.vhd
    Info (12022): Found design unit 1: AirFryerController-Shell File: C:/Users/mario/Desktop/quartus/LSD/projeto_final/vfinal/AirFryerController.vhd Line: 20
    Info (12023): Found entity 1: AirFryerController File: C:/Users/mario/Desktop/quartus/LSD/projeto_final/vfinal/AirFryerController.vhd Line: 4
Info (12021): Found 2 design units, including 1 entities, in source file airfryerfsm.vhd
    Info (12022): Found design unit 1: AirFryerFSM-Behavioral File: C:/Users/mario/Desktop/quartus/LSD/projeto_final/vfinal/AirFryerFSM.vhd Line: 33
    Info (12023): Found entity 1: AirFryerFSM File: C:/Users/mario/Desktop/quartus/LSD/projeto_final/vfinal/AirFryerFSM.vhd Line: 4
Info (12021): Found 2 design units, including 1 entities, in source file timerauxfsm.vhd
    Info (12022): Found design unit 1: TimerAuxFSM-Behavioral File: C:/Users/mario/Desktop/quartus/LSD/projeto_final/vfinal/TimerAuxFSM.vhd Line: 21
    Info (12023): Found entity 1: TimerAuxFSM File: C:/Users/mario/Desktop/quartus/LSD/projeto_final/vfinal/TimerAuxFSM.vhd Line: 5
Info (12021): Found 2 design units, including 1 entities, in source file tempauxfsm.vhd
    Info (12022): Found design unit 1: TempAuxFSM-Behavioral File: C:/Users/mario/Desktop/quartus/LSD/projeto_final/vfinal/TempAuxFSM.vhd Line: 21
    Info (12023): Found entity 1: TempAuxFSM File: C:/Users/mario/Desktop/quartus/LSD/projeto_final/vfinal/TempAuxFSM.vhd Line: 5
Info (12021): Found 2 design units, including 1 entities, in source file freqdividerk.vhd
    Info (12022): Found design unit 1: FreqDividerK-Behavioral File: C:/Users/mario/Desktop/quartus/LSD/projeto_final/vfinal/FreqDividerK.vhd Line: 17
    Info (12023): Found entity 1: FreqDividerK File: C:/Users/mario/Desktop/quartus/LSD/projeto_final/vfinal/FreqDividerK.vhd Line: 5
Info (12021): Found 2 design units, including 1 entities, in source file pulsegenerator.vhd
    Info (12022): Found design unit 1: PulseGenerator-Behavioral File: C:/Users/mario/Desktop/quartus/LSD/projeto_final/vfinal/PulseGenerator.vhd Line: 15
    Info (12023): Found entity 1: PulseGenerator File: C:/Users/mario/Desktop/quartus/LSD/projeto_final/vfinal/PulseGenerator.vhd Line: 5
Info (12021): Found 2 design units, including 1 entities, in source file debounceunit.vhd
    Info (12022): Found design unit 1: DebounceUnit-Behavioral File: C:/Users/mario/Desktop/quartus/LSD/projeto_final/vfinal/DebounceUnit.vhd Line: 15
    Info (12023): Found entity 1: DebounceUnit File: C:/Users/mario/Desktop/quartus/LSD/projeto_final/vfinal/DebounceUnit.vhd Line: 5
Info (12021): Found 2 design units, including 1 entities, in source file bin7segdecoderen.vhd
    Info (12022): Found design unit 1: Bin7SegDecoderEn-Behavioral File: C:/Users/mario/Desktop/quartus/LSD/projeto_final/vfinal/Bin7SegDecoderEn.vhd Line: 12
    Info (12023): Found entity 1: Bin7SegDecoderEn File: C:/Users/mario/Desktop/quartus/LSD/projeto_final/vfinal/Bin7SegDecoderEn.vhd Line: 4
Info (12021): Found 2 design units, including 1 entities, in source file bin2bcd8_8.vhd
    Info (12022): Found design unit 1: Bin2BCD8_8-Behavioral File: C:/Users/mario/Desktop/quartus/LSD/projeto_final/vfinal/Bin2BCD8_8.vhd Line: 14
    Info (12023): Found entity 1: Bin2BCD8_8 File: C:/Users/mario/Desktop/quartus/LSD/projeto_final/vfinal/Bin2BCD8_8.vhd Line: 5
Info (12021): Found 2 design units, including 1 entities, in source file bin2bcd8_12.vhd
    Info (12022): Found design unit 1: Bin2BCD8_12-Behavioral File: C:/Users/mario/Desktop/quartus/LSD/projeto_final/vfinal/Bin2BCD8_12.vhd Line: 14
    Info (12023): Found entity 1: Bin2BCD8_12 File: C:/Users/mario/Desktop/quartus/LSD/projeto_final/vfinal/Bin2BCD8_12.vhd Line: 5
Info (12021): Found 2 design units, including 1 entities, in source file syncswreg.vhd
    Info (12022): Found design unit 1: SyncSWReg-Behavioral File: C:/Users/mario/Desktop/quartus/LSD/projeto_final/vfinal/SyncSWReg.vhd Line: 16
    Info (12023): Found entity 1: SyncSWReg File: C:/Users/mario/Desktop/quartus/LSD/projeto_final/vfinal/SyncSWReg.vhd Line: 4
Info (12021): Found 2 design units, including 1 entities, in source file programreg.vhd
    Info (12022): Found design unit 1: ProgramReg-Behavioral File: C:/Users/mario/Desktop/quartus/LSD/projeto_final/vfinal/ProgramReg.vhd Line: 13
    Info (12023): Found entity 1: ProgramReg File: C:/Users/mario/Desktop/quartus/LSD/projeto_final/vfinal/ProgramReg.vhd Line: 4
Info (12021): Found 2 design units, including 1 entities, in source file timerndes.vhd
    Info (12022): Found design unit 1: TimerNDes-Behavioral File: C:/Users/mario/Desktop/quartus/LSD/projeto_final/vfinal/TimerNDes.vhd Line: 16
    Info (12023): Found entity 1: TimerNDes File: C:/Users/mario/Desktop/quartus/LSD/projeto_final/vfinal/TimerNDes.vhd Line: 5
Info (12127): Elaborating entity "AirFryerController" for the top level hierarchy
Info (12129): Elaborating entity "SyncSWReg" using architecture "A:behavioral" for hierarchy "SyncSWReg:sync_sw" File: C:/Users/mario/Desktop/quartus/LSD/projeto_final/vfinal/AirFryerController.vhd Line: 74
Info (12129): Elaborating entity "DebounceUnit" using architecture "A:behavioral" for hierarchy "DebounceUnit:debouncer_sw7" File: C:/Users/mario/Desktop/quartus/LSD/projeto_final/vfinal/AirFryerController.vhd Line: 89
Info (12129): Elaborating entity "DebounceUnit" using architecture "A:behavioral" for hierarchy "DebounceUnit:debouncer_key0" File: C:/Users/mario/Desktop/quartus/LSD/projeto_final/vfinal/AirFryerController.vhd Line: 98
Info (12129): Elaborating entity "ProgramReg" using architecture "A:behavioral" for hierarchy "ProgramReg:reg_program" File: C:/Users/mario/Desktop/quartus/LSD/projeto_final/vfinal/AirFryerController.vhd Line: 131
Info (12129): Elaborating entity "AirFryerFSM" using architecture "A:behavioral" for hierarchy "AirFryerFSM:air_fryer_fsm" File: C:/Users/mario/Desktop/quartus/LSD/projeto_final/vfinal/AirFryerController.vhd Line: 140
Info (12129): Elaborating entity "PulseGenerator" using architecture "A:behavioral" for hierarchy "PulseGenerator:pulse_gen_1sec" File: C:/Users/mario/Desktop/quartus/LSD/projeto_final/vfinal/AirFryerController.vhd Line: 169
Info (12129): Elaborating entity "FreqDividerK" using architecture "A:behavioral" for hierarchy "FreqDividerK:freq_divider_blink" File: C:/Users/mario/Desktop/quartus/LSD/projeto_final/vfinal/AirFryerController.vhd Line: 177
Info (12129): Elaborating entity "TimerAuxFSM" using architecture "A:behavioral" for hierarchy "TimerAuxFSM:timer_aux_fsm" File: C:/Users/mario/Desktop/quartus/LSD/projeto_final/vfinal/AirFryerController.vhd Line: 185
Info (12129): Elaborating entity "TempAuxFSM" using architecture "A:behavioral" for hierarchy "TempAuxFSM:temp_aux_fsm" File: C:/Users/mario/Desktop/quartus/LSD/projeto_final/vfinal/AirFryerController.vhd Line: 200
Info (12129): Elaborating entity "Bin2BCD8_8" using architecture "A:behavioral" for hierarchy "Bin2BCD8_8:bin_bcd_8_8" File: C:/Users/mario/Desktop/quartus/LSD/projeto_final/vfinal/AirFryerController.vhd Line: 217
Info (12129): Elaborating entity "Bin2BCD8_12" using architecture "A:behavioral" for hierarchy "Bin2BCD8_12:bin_bcd_8_12" File: C:/Users/mario/Desktop/quartus/LSD/projeto_final/vfinal/AirFryerController.vhd Line: 225
Info (12129): Elaborating entity "Bin7SegDecoderEn" using architecture "A:behavioral" for hierarchy "Bin7SegDecoderEn:bin_7seg_dec0" File: C:/Users/mario/Desktop/quartus/LSD/projeto_final/vfinal/AirFryerController.vhd Line: 246
Info (12129): Elaborating entity "TimerNDes" using architecture "A:behavioral" for hierarchy "TimerNDes:timer_des_cooled" File: C:/Users/mario/Desktop/quartus/LSD/projeto_final/vfinal/AirFryerController.vhd Line: 292
Info (278001): Inferred 6 megafunctions from design logic
    Info (278004): Inferred divider/modulo megafunction ("lpm_divide") from the following logic: "Bin2BCD8_12:bin_bcd_8_12|Mod1" File: C:/Users/mario/Desktop/quartus/LSD/projeto_final/vfinal/Bin2BCD8_12.vhd Line: 22
    Info (278004): Inferred divider/modulo megafunction ("lpm_divide") from the following logic: "Bin2BCD8_12:bin_bcd_8_12|Div1" File: C:/Users/mario/Desktop/quartus/LSD/projeto_final/vfinal/Bin2BCD8_12.vhd Line: 21
    Info (278004): Inferred divider/modulo megafunction ("lpm_divide") from the following logic: "Bin2BCD8_12:bin_bcd_8_12|Mod0" File: C:/Users/mario/Desktop/quartus/LSD/projeto_final/vfinal/Bin2BCD8_12.vhd Line: 21
    Info (278004): Inferred divider/modulo megafunction ("lpm_divide") from the following logic: "Bin2BCD8_12:bin_bcd_8_12|Div0" File: C:/Users/mario/Desktop/quartus/LSD/projeto_final/vfinal/Bin2BCD8_12.vhd Line: 20
    Info (278004): Inferred divider/modulo megafunction ("lpm_divide") from the following logic: "Bin2BCD8_8:bin_bcd_8_8|Mod0" File: C:/Users/mario/Desktop/quartus/LSD/projeto_final/vfinal/Bin2BCD8_8.vhd Line: 21
    Info (278004): Inferred divider/modulo megafunction ("lpm_divide") from the following logic: "Bin2BCD8_8:bin_bcd_8_8|Div0" File: C:/Users/mario/Desktop/quartus/LSD/projeto_final/vfinal/Bin2BCD8_8.vhd Line: 20
Info (12130): Elaborated megafunction instantiation "Bin2BCD8_12:bin_bcd_8_12|lpm_divide:Mod1" File: C:/Users/mario/Desktop/quartus/LSD/projeto_final/vfinal/Bin2BCD8_12.vhd Line: 22
Info (12133): Instantiated megafunction "Bin2BCD8_12:bin_bcd_8_12|lpm_divide:Mod1" with the following parameter: File: C:/Users/mario/Desktop/quartus/LSD/projeto_final/vfinal/Bin2BCD8_12.vhd Line: 22
    Info (12134): Parameter "LPM_WIDTHN" = "8"
    Info (12134): Parameter "LPM_WIDTHD" = "8"
    Info (12134): Parameter "LPM_NREPRESENTATION" = "UNSIGNED"
    Info (12134): Parameter "LPM_DREPRESENTATION" = "UNSIGNED"
Info (12021): Found 1 design units, including 1 entities, in source file db/lpm_divide_q9m.tdf
    Info (12023): Found entity 1: lpm_divide_q9m File: C:/Users/mario/Desktop/quartus/LSD/projeto_final/vfinal/db/lpm_divide_q9m.tdf Line: 25
Info (12021): Found 1 design units, including 1 entities, in source file db/sign_div_unsign_fkh.tdf
    Info (12023): Found entity 1: sign_div_unsign_fkh File: C:/Users/mario/Desktop/quartus/LSD/projeto_final/vfinal/db/sign_div_unsign_fkh.tdf Line: 25
Info (12021): Found 1 design units, including 1 entities, in source file db/alt_u_div_i4f.tdf
    Info (12023): Found entity 1: alt_u_div_i4f File: C:/Users/mario/Desktop/quartus/LSD/projeto_final/vfinal/db/alt_u_div_i4f.tdf Line: 27
Info (12021): Found 1 design units, including 1 entities, in source file db/add_sub_7pc.tdf
    Info (12023): Found entity 1: add_sub_7pc File: C:/Users/mario/Desktop/quartus/LSD/projeto_final/vfinal/db/add_sub_7pc.tdf Line: 23
Info (12021): Found 1 design units, including 1 entities, in source file db/add_sub_8pc.tdf
    Info (12023): Found entity 1: add_sub_8pc File: C:/Users/mario/Desktop/quartus/LSD/projeto_final/vfinal/db/add_sub_8pc.tdf Line: 23
Info (12130): Elaborated megafunction instantiation "Bin2BCD8_12:bin_bcd_8_12|lpm_divide:Div1" File: C:/Users/mario/Desktop/quartus/LSD/projeto_final/vfinal/Bin2BCD8_12.vhd Line: 21
Info (12133): Instantiated megafunction "Bin2BCD8_12:bin_bcd_8_12|lpm_divide:Div1" with the following parameter: File: C:/Users/mario/Desktop/quartus/LSD/projeto_final/vfinal/Bin2BCD8_12.vhd Line: 21
    Info (12134): Parameter "LPM_WIDTHN" = "8"
    Info (12134): Parameter "LPM_WIDTHD" = "4"
    Info (12134): Parameter "LPM_NREPRESENTATION" = "UNSIGNED"
    Info (12134): Parameter "LPM_DREPRESENTATION" = "UNSIGNED"
Info (12021): Found 1 design units, including 1 entities, in source file db/lpm_divide_jhm.tdf
    Info (12023): Found entity 1: lpm_divide_jhm File: C:/Users/mario/Desktop/quartus/LSD/projeto_final/vfinal/db/lpm_divide_jhm.tdf Line: 25
Info (12021): Found 1 design units, including 1 entities, in source file db/sign_div_unsign_bkh.tdf
    Info (12023): Found entity 1: sign_div_unsign_bkh File: C:/Users/mario/Desktop/quartus/LSD/projeto_final/vfinal/db/sign_div_unsign_bkh.tdf Line: 25
Info (12021): Found 1 design units, including 1 entities, in source file db/alt_u_div_a4f.tdf
    Info (12023): Found entity 1: alt_u_div_a4f File: C:/Users/mario/Desktop/quartus/LSD/projeto_final/vfinal/db/alt_u_div_a4f.tdf Line: 27
Info (12130): Elaborated megafunction instantiation "Bin2BCD8_12:bin_bcd_8_12|lpm_divide:Mod0" File: C:/Users/mario/Desktop/quartus/LSD/projeto_final/vfinal/Bin2BCD8_12.vhd Line: 21
Info (12133): Instantiated megafunction "Bin2BCD8_12:bin_bcd_8_12|lpm_divide:Mod0" with the following parameter: File: C:/Users/mario/Desktop/quartus/LSD/projeto_final/vfinal/Bin2BCD8_12.vhd Line: 21
    Info (12134): Parameter "LPM_WIDTHN" = "8"
    Info (12134): Parameter "LPM_WIDTHD" = "8"
    Info (12134): Parameter "LPM_NREPRESENTATION" = "UNSIGNED"
    Info (12134): Parameter "LPM_DREPRESENTATION" = "UNSIGNED"
Info (12130): Elaborated megafunction instantiation "Bin2BCD8_12:bin_bcd_8_12|lpm_divide:Div0" File: C:/Users/mario/Desktop/quartus/LSD/projeto_final/vfinal/Bin2BCD8_12.vhd Line: 20
Info (12133): Instantiated megafunction "Bin2BCD8_12:bin_bcd_8_12|lpm_divide:Div0" with the following parameter: File: C:/Users/mario/Desktop/quartus/LSD/projeto_final/vfinal/Bin2BCD8_12.vhd Line: 20
    Info (12134): Parameter "LPM_WIDTHN" = "8"
    Info (12134): Parameter "LPM_WIDTHD" = "7"
    Info (12134): Parameter "LPM_NREPRESENTATION" = "UNSIGNED"
    Info (12134): Parameter "LPM_DREPRESENTATION" = "UNSIGNED"
Info (12021): Found 1 design units, including 1 entities, in source file db/lpm_divide_mhm.tdf
    Info (12023): Found entity 1: lpm_divide_mhm File: C:/Users/mario/Desktop/quartus/LSD/projeto_final/vfinal/db/lpm_divide_mhm.tdf Line: 25
Info (12021): Found 1 design units, including 1 entities, in source file db/sign_div_unsign_ekh.tdf
    Info (12023): Found entity 1: sign_div_unsign_ekh File: C:/Users/mario/Desktop/quartus/LSD/projeto_final/vfinal/db/sign_div_unsign_ekh.tdf Line: 25
Info (12021): Found 1 design units, including 1 entities, in source file db/alt_u_div_g4f.tdf
    Info (12023): Found entity 1: alt_u_div_g4f File: C:/Users/mario/Desktop/quartus/LSD/projeto_final/vfinal/db/alt_u_div_g4f.tdf Line: 27
Info (12130): Elaborated megafunction instantiation "Bin2BCD8_8:bin_bcd_8_8|lpm_divide:Div0" File: C:/Users/mario/Desktop/quartus/LSD/projeto_final/vfinal/Bin2BCD8_8.vhd Line: 20
Info (12133): Instantiated megafunction "Bin2BCD8_8:bin_bcd_8_8|lpm_divide:Div0" with the following parameter: File: C:/Users/mario/Desktop/quartus/LSD/projeto_final/vfinal/Bin2BCD8_8.vhd Line: 20
    Info (12134): Parameter "LPM_WIDTHN" = "8"
    Info (12134): Parameter "LPM_WIDTHD" = "4"
    Info (12134): Parameter "LPM_NREPRESENTATION" = "UNSIGNED"
    Info (12134): Parameter "LPM_DREPRESENTATION" = "UNSIGNED"
Info (286030): Timing-Driven Synthesis is running
Info (17049): 3 registers lost all their fanouts during netlist optimizations.
Info (17016): Found the following redundant logic cells in design
    Info (17048): Logic cell "Bin2BCD8_12:bin_bcd_8_12|lpm_divide:Mod0|lpm_divide_q9m:auto_generated|sign_div_unsign_fkh:divider|alt_u_div_i4f:divider|add_sub_7_result_int[0]~0" File: C:/Users/mario/Desktop/quartus/LSD/projeto_final/vfinal/db/alt_u_div_i4f.tdf Line: 62
    Info (17048): Logic cell "Bin2BCD8_12:bin_bcd_8_12|lpm_divide:Mod0|lpm_divide_q9m:auto_generated|sign_div_unsign_fkh:divider|alt_u_div_i4f:divider|add_sub_6_result_int[0]~14" File: C:/Users/mario/Desktop/quartus/LSD/projeto_final/vfinal/db/alt_u_div_i4f.tdf Line: 57
Info (16010): Generating hard_block partition "hard_block:auto_generated_inst"
    Info (16011): Adding 0 node(s), including 0 DDIO, 0 PLL, 0 transceiver and 0 LCELL
Warning (21074): Design contains 2 input pin(s) that do not drive logic
    Warning (15610): No output dependent on input pin "SW[3]" File: C:/Users/mario/Desktop/quartus/LSD/projeto_final/vfinal/AirFryerController.vhd Line: 7
    Warning (15610): No output dependent on input pin "SW[8]" File: C:/Users/mario/Desktop/quartus/LSD/projeto_final/vfinal/AirFryerController.vhd Line: 7
Info (21057): Implemented 1103 device resources after synthesis - the final resource count might be different
    Info (21058): Implemented 15 input pins
    Info (21059): Implemented 49 output pins
    Info (21061): Implemented 1039 logic cells
Info: Quartus Prime Analysis & Synthesis was successful. 0 errors, 4 warnings
    Info: Peak virtual memory: 4897 megabytes
    Info: Processing ended: Tue May 28 23:27:18 2024
    Info: Elapsed time: 00:00:13
    Info: Total CPU time (on all processors): 00:00:12


